2024-10-28 17:29:31,096 - INFO - Starting URL scraping for year 2024...
2024-10-28 17:29:31,096 - INFO - ====== WebDriver manager ======
2024-10-28 17:29:31,165 - INFO - Get LATEST chromedriver version for google-chrome
2024-10-28 17:29:31,288 - INFO - Get LATEST chromedriver version for google-chrome
2024-10-28 17:29:31,512 - INFO - Driver [/Users/yd211/.wdm/drivers/chromedriver/mac64/130.0.6723.69/chromedriver-mac-arm64/chromedriver] found in cache
2024-10-28 17:29:37,816 - INFO - Scraping accept-oral tab for year 2024...
2024-10-28 17:29:37,816 - INFO - Switching to accept-oral tab using JavaScript...
2024-10-28 17:29:42,829 - INFO - Scraping page 1 of accept-oral tab for year 2024...
2024-10-28 17:29:46,149 - INFO - Found 151 paper URLs on page: https://openreview.net/group?id=ICLR.cc/2024/Conference
2024-10-28 17:29:49,223 - INFO - Scraping page 2 of accept-oral tab for year 2024...
2024-10-28 17:29:52,481 - INFO - Found 151 paper URLs on page: https://openreview.net/group?id=ICLR.cc/2024/Conference
2024-10-28 17:29:55,515 - INFO - Scraping page 3 of accept-oral tab for year 2024...
2024-10-28 17:29:58,745 - INFO - Found 151 paper URLs on page: https://openreview.net/group?id=ICLR.cc/2024/Conference
2024-10-28 17:30:01,784 - INFO - Scraping page 4 of accept-oral tab for year 2024...
2024-10-28 17:30:04,995 - INFO - Found 151 paper URLs on page: https://openreview.net/group?id=ICLR.cc/2024/Conference
2024-10-28 17:30:08,030 - INFO - Scraping page 5 of accept-oral tab for year 2024...
2024-10-28 17:30:11,285 - INFO - Found 151 paper URLs on page: https://openreview.net/group?id=ICLR.cc/2024/Conference
2024-10-28 17:30:14,319 - INFO - Scraping page 6 of accept-oral tab for year 2024...
2024-10-28 17:30:17,620 - INFO - Found 151 paper URLs on page: https://openreview.net/group?id=ICLR.cc/2024/Conference
2024-10-28 17:30:20,654 - INFO - Scraping page 7 of accept-oral tab for year 2024...
2024-10-28 17:30:23,900 - INFO - Found 151 paper URLs on page: https://openreview.net/group?id=ICLR.cc/2024/Conference
2024-10-28 17:30:26,934 - INFO - Scraping page 8 of accept-oral tab for year 2024...
2024-10-28 17:30:30,149 - INFO - Found 151 paper URLs on page: https://openreview.net/group?id=ICLR.cc/2024/Conference
2024-10-28 17:30:33,181 - INFO - Scraping page 9 of accept-oral tab for year 2024...
2024-10-28 17:30:36,551 - INFO - Found 151 paper URLs on page: https://openreview.net/group?id=ICLR.cc/2024/Conference
2024-10-28 17:30:39,586 - INFO - Scraping page 10 of accept-oral tab for year 2024...
2024-10-28 17:30:42,798 - INFO - Found 151 paper URLs on page: https://openreview.net/group?id=ICLR.cc/2024/Conference
2024-10-28 17:30:45,832 - INFO - Scraping page 11 of accept-oral tab for year 2024...
2024-10-28 17:30:49,065 - INFO - Found 151 paper URLs on page: https://openreview.net/group?id=ICLR.cc/2024/Conference
2024-10-28 17:30:52,097 - INFO - Scraping page 12 of accept-oral tab for year 2024...
2024-10-28 17:30:55,323 - INFO - Found 151 paper URLs on page: https://openreview.net/group?id=ICLR.cc/2024/Conference
2024-10-28 17:30:58,352 - INFO - Scraping page 13 of accept-oral tab for year 2024...
2024-10-28 17:38:59,315 - INFO - Starting URL scraping for year 2024...
2024-10-28 17:38:59,315 - INFO - ====== WebDriver manager ======
2024-10-28 17:38:59,433 - INFO - Get LATEST chromedriver version for google-chrome
2024-10-28 17:38:59,510 - INFO - Get LATEST chromedriver version for google-chrome
2024-10-28 17:38:59,581 - INFO - Driver [/Users/yd211/.wdm/drivers/chromedriver/mac64/130.0.6723.69/chromedriver-mac-arm64/chromedriver] found in cache
2024-10-28 17:39:06,234 - INFO - Scraping accept-oral tab for year 2024...
2024-10-28 17:39:06,234 - INFO - Switching to accept-oral tab using JavaScript...
2024-10-28 17:39:11,250 - INFO - Scraping page 1 of accept-oral tab for year 2024...
2024-10-28 17:39:11,279 - INFO - Found 286 papers on the current page.
2024-10-28 17:39:14,851 - INFO - Scraping page 2 of accept-oral tab for year 2024...
2024-10-28 17:39:14,875 - INFO - Found 286 papers on the current page.
2024-10-28 17:39:18,314 - INFO - Scraping page 3 of accept-oral tab for year 2024...
2024-10-28 17:39:18,339 - INFO - Found 286 papers on the current page.
2024-10-28 17:39:21,780 - INFO - Scraping page 4 of accept-oral tab for year 2024...
2024-10-28 17:39:21,807 - INFO - Found 258 papers on the current page.
2024-10-28 17:39:32,558 - INFO - No more pages to navigate.
2024-10-28 17:39:32,559 - INFO - Scraping accept-spotlight tab for year 2024...
2024-10-28 17:39:32,560 - INFO - Switching to accept-spotlight tab using JavaScript...
2024-10-28 17:39:37,634 - INFO - Scraping page 1 of accept-spotlight tab for year 2024...
2024-10-28 17:39:37,661 - INFO - Found 258 papers on the current page.
